{
  "stats": {
    "suites": 1,
    "tests": 1,
    "passes": 1,
    "pending": 3,
    "failures": -3,
    "start": "2025-05-19T18:53:35.709Z",
    "end": "2025-05-19T18:54:09.249Z",
    "duration": 33540,
    "testsRegistered": 4,
    "passPercent": 100,
    "pendingPercent": 75,
    "other": 3,
    "hasOther": true,
    "skipped": 0,
    "hasSkipped": false
  },
  "results": [
    {
      "uuid": "ae1820b5-45d3-4561-b6ce-1a7f04b83029",
      "title": "",
      "fullFile": "cypress\\e2e\\Exemploaula2.cy.js",
      "file": "cypress\\e2e\\Exemploaula2.cy.js",
      "beforeHooks": [],
      "afterHooks": [],
      "tests": [],
      "suites": [
        {
          "uuid": "f359595d-6075-465c-81e0-d31fbdcb79c1",
          "title": "Teste da criação, resgistro e login",
          "fullFile": "",
          "file": "",
          "beforeHooks": [],
          "afterHooks": [],
          "tests": [
            {
              "title": "Teste criação de usuário com sucesso",
              "fullTitle": "Teste da criação, resgistro e login Teste criação de usuário com sucesso",
              "timedOut": null,
              "duration": 0,
              "state": "pending",
              "speed": null,
              "pass": false,
              "fail": false,
              "pending": true,
              "context": null,
              "code": "cy.visit(\"https://globalsqa.com/angularJs-protractor/registration-login-example/#/login\");\ncy.get('.btn-link').click();\ncy.get('#firstName').type(\"Lívia\");\ncy.get('#Text1').type(\"Silva\");\ncy.get('#username').type(\"livia.silva\");\ncy.get('#password').type(\"123456\");\ncy.get('.btn-primary').click();\ncy.get('.ng-binding').should(\"contain\", \"Registration successful\");",
              "err": {},
              "uuid": "cc3d0071-4e3c-4454-93b5-c45fa6a2ee4c",
              "parentUUID": "f359595d-6075-465c-81e0-d31fbdcb79c1",
              "isHook": false,
              "skipped": false
            },
            {
              "title": "Teste criação de usuário com falha",
              "fullTitle": "Teste da criação, resgistro e login Teste criação de usuário com falha",
              "timedOut": null,
              "duration": 0,
              "state": "pending",
              "speed": null,
              "pass": false,
              "fail": false,
              "pending": true,
              "context": null,
              "code": "cy.visit(\"https://globalsqa.com/angularJs-protractor/registration-login-example/#/login\");\ncy.get('.btn-link').click();\ncy.get('#firstName').type(\"Lívia\");\ncy.get('#Text1').type(\"Silva\");\ncy.get('#username').type(\"livia.silva\");\ncy.get('.btn-primary').should(\"be.disabled\");",
              "err": {},
              "uuid": "7d622b6d-a2eb-42bd-b897-046767c393ce",
              "parentUUID": "f359595d-6075-465c-81e0-d31fbdcb79c1",
              "isHook": false,
              "skipped": false
            },
            {
              "title": "Teste de login com sucesso",
              "fullTitle": "Teste da criação, resgistro e login Teste de login com sucesso",
              "timedOut": null,
              "duration": 0,
              "state": "pending",
              "speed": null,
              "pass": false,
              "fail": false,
              "pending": true,
              "context": null,
              "code": "let infos = criarUser();\ncy.visit(\"https://globalsqa.com/angularJs-protractor/registration-login-example/#/login\");\ncy.get('#username').type(infos[0]);\ncy.get('#password').type(infos[1]);\ncy.get('.btn-primary').click();\ncy.get('h1.ng-binding').should(\"contain.text\", infos[0]);",
              "err": {},
              "uuid": "33b1322f-21af-43f9-a0b3-edbec0998103",
              "parentUUID": "f359595d-6075-465c-81e0-d31fbdcb79c1",
              "isHook": false,
              "skipped": false
            },
            {
              "title": "Teste de login com Falha",
              "fullTitle": "Teste da criação, resgistro e login Teste de login com Falha",
              "timedOut": null,
              "duration": 28139,
              "state": "passed",
              "speed": "slow",
              "pass": true,
              "fail": false,
              "pending": false,
              "context": null,
              "code": "let infos = criarUser();\ncy.visit(\"https://globalsqa.com/angularJs-protractor/registration-login-example/#/login\");\ncy.get('#username').type(infos[0]);\ncy.get('#password').type(infos[1]);\ncy.get('.btn-primary').click();\ncy.get('h1.ng-binding').should(\"contain.text\", infos[0]);\ncy.get('.ng-binding > a').click(); // deleta o usuário\n// tenta fazer login novamente\ncy.get('.ng-binding').should(\"contain.text\", \"Hi !\");\ncy.get('.btn').click();\ncy.get('#username').type(infos[0]);\ncy.get('#password').type(infos[1]);\ncy.get('.btn-primary').click();\ncy.get('.ng-binding').should(\"contain.text\", \"Username or password is incorrect\");",
              "err": {},
              "uuid": "4979852d-b60a-4b1a-b9e0-9f19db165e54",
              "parentUUID": "f359595d-6075-465c-81e0-d31fbdcb79c1",
              "isHook": false,
              "skipped": false
            }
          ],
          "suites": [],
          "passes": [
            "4979852d-b60a-4b1a-b9e0-9f19db165e54"
          ],
          "failures": [],
          "pending": [
            "cc3d0071-4e3c-4454-93b5-c45fa6a2ee4c",
            "7d622b6d-a2eb-42bd-b897-046767c393ce",
            "33b1322f-21af-43f9-a0b3-edbec0998103"
          ],
          "skipped": [],
          "duration": 28139,
          "root": false,
          "rootEmpty": false,
          "_timeout": 2000
        }
      ],
      "passes": [],
      "failures": [],
      "pending": [],
      "skipped": [],
      "duration": 0,
      "root": true,
      "rootEmpty": true,
      "_timeout": 2000
    }
  ],
  "meta": {
    "mocha": {
      "version": "7.2.0"
    },
    "mochawesome": {
      "options": {
        "quiet": false,
        "reportFilename": "mochawesome",
        "saveHtml": true,
        "saveJson": true,
        "consoleReporter": "spec",
        "useInlineDiffs": false,
        "code": true
      },
      "version": "7.1.3"
    },
    "marge": {
      "options": null,
      "version": "6.2.0"
    }
  }
}